# Time	Temperature [K]	Pressure [Pa]
1e-07	1000	1.36789e+06
2.99998e-07	1000	1.36789e+06
6.99986e-07	1000	1.36789e+06
1.49993e-06	1000	1.36789e+06
3.09969e-06	1000	1.36789e+06
6.2987e-06	1000	1.36789e+06
1.26967e-05	1000	1.36789e+06
2.54846e-05	1000	1.36789e+06
5.10602e-05	1000	1.36789e+06
9.00757e-05	1000	1.36789e+06
0.000154426	1000	1.36789e+06
0.000253876	1000	1.36789e+06
0.000353326	1000	1.36789e+06
0.000452777	1000	1.36789e+06
0.000552227	1000	1.36789e+06
0.000651677	1000	1.36789e+06
0.000751127	1000	1.36789e+06
0.000850578	1000	1.36789e+06
0.000950028	1000	1.36789e+06
0.00104948	1000	1.36789e+06
0.00114893	1000	1.36789e+06
0.00124838	1000	1.36789e+06
0.00134783	1000	1.36789e+06
0.00144728	1000	1.36789e+06
0.00154673	1000	1.36789e+06
0.00164618	1000	1.36789e+06
0.00174563	1000.01	1.36789e+06
0.00184508	1000.01	1.36789e+06
0.00194453	1000.01	1.36789e+06
0.00204398	1000.01	1.36789e+06
0.00214343	1000.01	1.36789e+06
0.00224288	1000.01	1.36789e+06
0.00234233	1000.01	1.36789e+06
0.00244178	1000.01	1.36789e+06
0.00254123	1000.01	1.36789e+06
0.00264068	1000.01	1.36789e+06
0.00274013	1000.02	1.36789e+06
0.00283958	1000.02	1.36789e+06
0.00293903	1000.02	1.36789e+06
0.00303848	1000.02	1.36789e+06
0.00313793	1000.02	1.36789e+06
0.00323738	1000.02	1.36789e+06
0.00333683	1000.02	1.36789e+06
0.00343628	1000.02	1.36789e+06
0.00353573	1000.03	1.36789e+06
0.00363518	1000.03	1.36789e+06
0.00373463	1000.03	1.36789e+06
0.00383408	1000.03	1.36789e+06
0.00393354	1000.03	1.36789e+06
0.00403299	1000.03	1.36789e+06
0.00413244	1000.03	1.36789e+06
0.00423189	1000.04	1.36789e+06
0.00433134	1000.04	1.36789e+06
0.00443079	1000.04	1.36789e+06
0.00453024	1000.04	1.36789e+06
0.00462969	1000.04	1.36789e+06
0.00472914	1000.04	1.36789e+06
0.00482859	1000.05	1.36789e+06
0.00492804	1000.05	1.36789e+06
0.00502749	1000.05	1.36789e+06
0.00512694	1000.05	1.36789e+06
0.00522639	1000.05	1.36789e+06
0.00532584	1000.05	1.36789e+06
0.00542529	1000.05	1.36789e+06
0.00552474	1000.06	1.36789e+06
0.00562419	1000.06	1.36789e+06
0.00572364	1000.06	1.36789e+06
0.00582309	1000.06	1.36789e+06
0.00592254	1000.06	1.36789e+06
0.00602199	1000.07	1.36789e+06
0.00612144	1000.07	1.36789e+06
0.00622089	1000.07	1.36789e+06
0.00632034	1000.07	1.36789e+06
0.00641979	1000.07	1.36789e+06
0.00651924	1000.07	1.36789e+06
0.00661869	1000.08	1.36789e+06
0.00671814	1000.08	1.36789e+06
0.00681759	1000.08	1.36789e+06
0.00691704	1000.08	1.36789e+06
0.00701649	1000.08	1.36789e+06
0.00711594	1000.08	1.36789e+06
0.00721539	1000.09	1.36789e+06
0.00731484	1000.09	1.36789e+06
0.00741429	1000.09	1.36789e+06
0.00751374	1000.09	1.36789e+06
0.00761319	1000.09	1.36789e+06
0.00771264	1000.1	1.36789e+06
0.00781209	1000.1	1.36789e+06
0.00791154	1000.1	1.36789e+06
0.008011	1000.1	1.36789e+06
0.00811045	1000.1	1.36789e+06
0.0082099	1000.11	1.36789e+06
0.00830935	1000.11	1.36789e+06
0.0084088	1000.11	1.36789e+06
0.00850825	1000.11	1.36789e+06
0.0086077	1000.11	1.36789e+06
0.00870715	1000.12	1.36789e+06
0.0088066	1000.12	1.36789e+06
0.00890605	1000.12	1.36789e+06
0.0090055	1000.12	1.36789e+06
0.00910495	1000.13	1.36789e+06
0.0092044	1000.13	1.36789e+06
0.00930385	1000.13	1.36789e+06
0.0094033	1000.13	1.36789e+06
0.00950275	1000.13	1.36789e+06
0.0096022	1000.14	1.36789e+06
0.00970165	1000.14	1.36789e+06
0.0098011	1000.14	1.36789e+06
0.00990055	1000.14	1.36789e+06
0.01	1000.15	1.36789e+06
0.0101	1000.15	1.36789e+06
0.0102	1000.15	1.36789e+06
0.0103	1000.15	1.36789e+06
0.0104	1000.16	1.36789e+06
0.0105	1000.16	1.36789e+06
0.0106	1000.16	1.36789e+06
0.0107	1000.16	1.36789e+06
0.0108	1000.17	1.36789e+06
0.0109	1000.17	1.36789e+06
0.011	1000.17	1.36789e+06
0.0111	1000.17	1.36789e+06
0.0112	1000.18	1.36789e+06
0.0113	1000.18	1.36789e+06
0.0114	1000.18	1.36789e+06
0.0115	1000.18	1.36789e+06
0.0116	1000.19	1.36789e+06
0.0117	1000.19	1.36789e+06
0.0118	1000.19	1.36789e+06
0.0119	1000.19	1.36789e+06
0.012	1000.2	1.36789e+06
0.0121	1000.2	1.36789e+06
0.0122	1000.2	1.36789e+06
0.0123	1000.2	1.36789e+06
0.0124	1000.21	1.36789e+06
0.0125	1000.21	1.36789e+06
0.0126	1000.21	1.36789e+06
0.0127	1000.22	1.36789e+06
0.0128	1000.22	1.36789e+06
0.0129	1000.22	1.36789e+06
0.013	1000.22	1.36789e+06
0.0131	1000.23	1.36789e+06
0.0132	1000.23	1.36789e+06
0.0133	1000.23	1.36789e+06
0.0134	1000.24	1.36789e+06
0.0135	1000.24	1.36789e+06
0.0136	1000.24	1.36789e+06
0.0137	1000.25	1.36789e+06
0.0138	1000.25	1.36789e+06
0.0139	1000.25	1.36789e+06
0.014	1000.25	1.36789e+06
0.0141	1000.26	1.36789e+06
0.0142	1000.26	1.36789e+06
0.0143	1000.26	1.36789e+06
0.0144	1000.27	1.36789e+06
0.0145	1000.27	1.36789e+06
0.0146	1000.27	1.36789e+06
0.0147	1000.28	1.36789e+06
0.0148	1000.28	1.36789e+06
0.0149	1000.28	1.36789e+06
0.015	1000.29	1.36789e+06
0.0151	1000.29	1.36789e+06
0.0152	1000.29	1.36789e+06
0.0153	1000.3	1.36789e+06
0.0154	1000.3	1.36789e+06
0.0155	1000.3	1.36789e+06
0.0156	1000.31	1.36789e+06
0.0157	1000.31	1.36789e+06
0.0158	1000.31	1.36789e+06
0.0159	1000.32	1.36789e+06
0.016	1000.32	1.36789e+06
0.0161	1000.33	1.36789e+06
0.0162	1000.33	1.36789e+06
0.0163	1000.33	1.36789e+06
0.0164	1000.34	1.36789e+06
0.0165	1000.34	1.36789e+06
0.0166	1000.34	1.36789e+06
0.0167	1000.35	1.36789e+06
0.0168	1000.35	1.36789e+06
0.0169	1000.36	1.36789e+06
0.017	1000.36	1.36789e+06
0.0171	1000.36	1.36789e+06
0.0172	1000.37	1.36789e+06
0.0173	1000.37	1.36789e+06
0.0174	1000.37	1.36789e+06
0.0175	1000.38	1.36789e+06
0.0176	1000.38	1.36789e+06
0.0177	1000.39	1.36789e+06
0.0178	1000.39	1.36789e+06
0.0179	1000.39	1.36789e+06
0.018	1000.4	1.36789e+06
0.0181	1000.4	1.36789e+06
0.0182	1000.41	1.36789e+06
0.0183	1000.41	1.36789e+06
0.0184	1000.42	1.36789e+06
0.0185	1000.42	1.36789e+06
0.0186	1000.42	1.36789e+06
0.0187	1000.43	1.36789e+06
0.0188	1000.43	1.36789e+06
0.0189	1000.44	1.36789e+06
0.019	1000.44	1.36789e+06
0.0191	1000.45	1.36789e+06
0.0192	1000.45	1.36789e+06
0.0193	1000.46	1.36789e+06
0.0194	1000.46	1.36789e+06
0.0195	1000.46	1.36789e+06
0.0196	1000.47	1.36789e+06
0.0197	1000.47	1.36789e+06
0.0198	1000.48	1.36789e+06
0.0199	1000.48	1.36789e+06
0.02	1000.49	1.36789e+06
0.0201	1000.49	1.36789e+06
0.0202	1000.5	1.36789e+06
0.0203	1000.5	1.36789e+06
0.0204	1000.51	1.36789e+06
0.0205	1000.51	1.36789e+06
0.0206	1000.52	1.36789e+06
0.0207	1000.52	1.36789e+06
0.0208	1000.53	1.36789e+06
0.0209	1000.53	1.36789e+06
0.021	1000.54	1.36789e+06
0.0211	1000.54	1.36789e+06
0.0212	1000.55	1.36789e+06
0.0213	1000.55	1.36789e+06
0.0214	1000.56	1.36789e+06
0.0215	1000.56	1.36789e+06
0.0216	1000.57	1.36789e+06
0.0217	1000.58	1.36789e+06
0.0218	1000.58	1.36789e+06
0.0219	1000.59	1.36789e+06
0.022	1000.59	1.36789e+06
0.0221	1000.6	1.36789e+06
0.0222	1000.6	1.36789e+06
0.0223	1000.61	1.36789e+06
0.0224	1000.61	1.36789e+06
0.0225	1000.62	1.36789e+06
0.0226	1000.63	1.36789e+06
0.0227	1000.63	1.36789e+06
0.0228	1000.64	1.36789e+06
0.0229	1000.64	1.36789e+06
0.023	1000.65	1.36789e+06
0.0231	1000.66	1.36789e+06
0.0232	1000.66	1.36789e+06
0.0233	1000.67	1.36789e+06
0.0234	1000.67	1.36789e+06
0.0235	1000.68	1.36789e+06
0.0236	1000.69	1.36789e+06
0.0237	1000.69	1.36789e+06
0.0238	1000.7	1.36789e+06
0.0239	1000.71	1.36789e+06
0.024	1000.71	1.36789e+06
0.0241	1000.72	1.36789e+06
0.0242	1000.72	1.36789e+06
0.0243	1000.73	1.36789e+06
0.0244	1000.74	1.36789e+06
0.0245	1000.74	1.36789e+06
0.0246	1000.75	1.36789e+06
0.0247	1000.76	1.36789e+06
0.0248	1000.77	1.36789e+06
0.0249	1000.77	1.36789e+06
0.025	1000.78	1.36789e+06
0.0251	1000.79	1.36789e+06
0.0252	1000.79	1.36789e+06
0.0253	1000.8	1.36789e+06
0.0254	1000.81	1.36789e+06
0.0255	1000.81	1.36789e+06
0.0256	1000.82	1.36789e+06
0.0257	1000.83	1.36789e+06
0.0258	1000.84	1.36789e+06
0.0259	1000.84	1.36789e+06
0.026	1000.85	1.36789e+06
0.0261	1000.86	1.36789e+06
0.0262	1000.87	1.36789e+06
0.0263	1000.87	1.36789e+06
0.0264	1000.88	1.36789e+06
0.0265	1000.89	1.36789e+06
0.0266	1000.9	1.36789e+06
0.0267	1000.91	1.36789e+06
0.0268	1000.91	1.36789e+06
0.0269	1000.92	1.36789e+06
0.027	1000.93	1.36789e+06
0.0271	1000.94	1.36789e+06
0.0272	1000.95	1.36789e+06
0.0273	1000.95	1.36789e+06
0.0274	1000.96	1.36789e+06
0.0275	1000.97	1.36789e+06
0.0276	1000.98	1.36789e+06
0.0277	1000.99	1.36789e+06
0.0278	1001	1.36789e+06
0.0279	1001.01	1.36789e+06
0.028	1001.01	1.36789e+06
0.0281	1001.02	1.36789e+06
0.0282	1001.03	1.36789e+06
0.0283	1001.04	1.36789e+06
0.0284	1001.05	1.36789e+06
0.0285	1001.06	1.36789e+06
0.0286	1001.07	1.36789e+06
0.0287	1001.08	1.36789e+06
0.0288	1001.09	1.36789e+06
0.0289	1001.1	1.36789e+06
0.029	1001.11	1.36789e+06
0.0291	1001.12	1.36789e+06
0.0292	1001.13	1.36789e+06
0.0293	1001.14	1.36789e+06
0.0294	1001.15	1.36789e+06
0.0295	1001.16	1.36789e+06
0.0296	1001.17	1.36789e+06
0.0297	1001.18	1.36789e+06
0.0298	1001.19	1.36789e+06
0.0299	1001.2	1.36789e+06
0.03	1001.21	1.36789e+06
0.0301	1001.22	1.36789e+06
0.0302	1001.23	1.36789e+06
0.0303	1001.24	1.36789e+06
0.0304	1001.25	1.36789e+06
0.0305	1001.26	1.36789e+06
0.0306	1001.27	1.36789e+06
0.0307	1001.28	1.36789e+06
0.0308	1001.29	1.36789e+06
0.0309	1001.3	1.36789e+06
0.031	1001.31	1.36789e+06
0.0311	1001.33	1.36789e+06
0.0312	1001.34	1.36789e+06
0.0313	1001.35	1.36789e+06
0.0314	1001.36	1.36789e+06
0.0315	1001.37	1.36789e+06
0.0316	1001.38	1.36789e+06
0.0317	1001.4	1.36789e+06
0.0318	1001.41	1.36789e+06
0.0319	1001.42	1.36789e+06
0.032	1001.43	1.36789e+06
0.0321	1001.44	1.36789e+06
0.0322	1001.46	1.36789e+06
0.0323	1001.47	1.36789e+06
0.0324	1001.48	1.36789e+06
0.0325	1001.49	1.36789e+06
0.0326	1001.51	1.36789e+06
0.0327	1001.52	1.36789e+06
0.0328	1001.53	1.36789e+06
0.0329	1001.55	1.36789e+06
0.033	1001.56	1.36789e+06
0.0331	1001.57	1.36789e+06
0.0332	1001.59	1.36789e+06
0.0333	1001.6	1.36789e+06
0.0334	1001.61	1.36789e+06
0.0335	1001.63	1.36789e+06
0.0336	1001.64	1.36789e+06
0.0337	1001.66	1.36789e+06
0.0338	1001.67	1.36789e+06
0.0339	1001.69	1.36789e+06
0.034	1001.7	1.36789e+06
0.0341	1001.72	1.36789e+06
0.0342	1001.73	1.36789e+06
0.0343	1001.74	1.36789e+06
0.0344	1001.76	1.36789e+06
0.0345	1001.78	1.36789e+06
0.0346	1001.79	1.36789e+06
0.0347	1001.81	1.36789e+06
0.0348	1001.82	1.36789e+06
0.0349	1001.84	1.36789e+06
0.035	1001.85	1.36789e+06
0.0351	1001.87	1.36789e+06
0.0352	1001.89	1.36789e+06
0.0353	1001.9	1.36789e+06
0.0354	1001.92	1.36789e+06
0.0355	1001.94	1.36789e+06
0.0356	1001.95	1.36789e+06
0.0357	1001.97	1.36789e+06
0.0358	1001.99	1.36789e+06
0.0359	1002	1.36789e+06
0.036	1002.02	1.36789e+06
0.0361	1002.04	1.36789e+06
0.0362	1002.06	1.36789e+06
0.0363	1002.08	1.36789e+06
0.0364	1002.09	1.36789e+06
0.0365	1002.11	1.36789e+06
0.0366	1002.13	1.36789e+06
0.0367	1002.15	1.36789e+06
0.0368	1002.17	1.36789e+06
0.0369	1002.19	1.36789e+06
0.037	1002.21	1.36789e+06
0.0371	1002.23	1.36789e+06
0.0372	1002.25	1.36789e+06
0.0373	1002.27	1.36789e+06
0.0374	1002.29	1.36789e+06
0.0375	1002.31	1.36789e+06
0.0376	1002.33	1.36789e+06
0.0377	1002.35	1.36789e+06
0.0378	1002.37	1.36789e+06
0.0379	1002.39	1.36789e+06
0.038	1002.41	1.36789e+06
0.0381	1002.43	1.36789e+06
0.0382	1002.45	1.36789e+06
0.0383	1002.47	1.36789e+06
0.0384	1002.5	1.36789e+06
0.0385	1002.52	1.36789e+06
0.0386	1002.54	1.36789e+06
0.0387	1002.56	1.36789e+06
0.0388	1002.59	1.36789e+06
0.0389	1002.61	1.36789e+06
0.039	1002.63	1.36789e+06
0.0391	1002.66	1.36789e+06
0.0392	1002.68	1.36789e+06
0.0393	1002.71	1.36789e+06
0.0394	1002.73	1.36789e+06
0.0395	1002.76	1.36789e+06
0.0396	1002.78	1.36789e+06
0.0397	1002.81	1.36789e+06
0.0398	1002.83	1.36789e+06
0.0399	1002.86	1.36789e+06
0.04	1002.88	1.36789e+06
0.0401	1002.91	1.36789e+06
0.0402	1002.94	1.36789e+06
0.0403	1002.96	1.36789e+06
0.0404	1002.99	1.36789e+06
0.0405	1003.02	1.36789e+06
0.0406	1003.05	1.36789e+06
0.0407	1003.08	1.36789e+06
0.0408	1003.1	1.36789e+06
0.0409	1003.13	1.36789e+06
0.041	1003.16	1.36789e+06
0.0411	1003.19	1.36789e+06
0.0412	1003.22	1.36789e+06
0.0413	1003.25	1.36789e+06
0.0414	1003.28	1.36789e+06
0.0415	1003.31	1.36789e+06
0.0416	1003.34	1.36789e+06
0.0417	1003.38	1.36789e+06
0.0418	1003.41	1.36789e+06
0.0419	1003.44	1.36789e+06
0.042	1003.47	1.36789e+06
0.0421	1003.51	1.36789e+06
0.0422	1003.54	1.36789e+06
0.0423	1003.57	1.36789e+06
0.0424	1003.61	1.36789e+06
0.0425	1003.64	1.36789e+06
0.0426	1003.68	1.36789e+06
0.0427	1003.71	1.36789e+06
0.0428	1003.75	1.36789e+06
0.0429	1003.79	1.36789e+06
0.043	1003.82	1.36789e+06
0.0431	1003.86	1.36789e+06
0.0432	1003.9	1.36789e+06
0.0433	1003.94	1.36789e+06
0.0434	1003.97	1.36789e+06
0.0435	1004.01	1.36789e+06
0.0436	1004.05	1.36789e+06
0.0437	1004.09	1.36789e+06
0.0438	1004.13	1.36789e+06
0.0439	1004.18	1.36789e+06
0.044	1004.22	1.36789e+06
0.0441	1004.26	1.36789e+06
0.0442	1004.3	1.36789e+06
0.0443	1004.35	1.36789e+06
0.0444	1004.39	1.36789e+06
0.0445	1004.43	1.36789e+06
0.0446	1004.48	1.36789e+06
0.0447	1004.53	1.36789e+06
0.0448	1004.57	1.36789e+06
0.0449	1004.62	1.36789e+06
0.045	1004.67	1.36789e+06
0.0451	1004.71	1.36789e+06
0.0452	1004.76	1.36789e+06
0.0453	1004.81	1.36789e+06
0.0454	1004.86	1.36789e+06
0.0455	1004.91	1.36789e+06
0.0456	1004.97	1.36789e+06
0.0457	1005.02	1.36789e+06
0.0458	1005.07	1.36789e+06
0.0459	1005.13	1.36789e+06
0.046	1005.18	1.36789e+06
0.0461	1005.24	1.36789e+06
0.0462	1005.29	1.36789e+06
0.0463	1005.35	1.36789e+06
0.0464	1005.41	1.36789e+06
0.0465	1005.47	1.36789e+06
0.0466	1005.53	1.36789e+06
0.0467	1005.59	1.36789e+06
0.0468	1005.65	1.36789e+06
0.0469	1005.71	1.36789e+06
0.047	1005.77	1.36789e+06
0.0471	1005.84	1.36789e+06
0.0472	1005.9	1.36789e+06
0.0473	1005.97	1.36789e+06
0.0474	1006.04	1.36789e+06
0.0475	1006.1	1.36789e+06
0.0476	1006.17	1.36789e+06
0.0477	1006.25	1.36789e+06
0.0478	1006.32	1.36789e+06
0.0479	1006.39	1.36789e+06
0.048	1006.46	1.36789e+06
0.0481	1006.54	1.36789e+06
0.0482	1006.62	1.36789e+06
0.0483	1006.69	1.36789e+06
0.0484	1006.77	1.36789e+06
0.0485	1006.85	1.36789e+06
0.0486	1006.94	1.36789e+06
0.0487	1007.02	1.36789e+06
0.0488	1007.1	1.36789e+06
0.0489	1007.19	1.36789e+06
0.049	1007.28	1.36789e+06
0.0491	1007.37	1.36789e+06
0.0492	1007.46	1.36789e+06
0.0493	1007.55	1.36789e+06
0.0494	1007.65	1.36789e+06
0.0495	1007.74	1.36789e+06
0.0496	1007.84	1.36789e+06
0.0497	1007.94	1.36789e+06
0.0498	1008.04	1.36789e+06
0.0499	1008.15	1.36789e+06
0.05	1008.25	1.36789e+06
0.0501	1008.36	1.36789e+06
0.0502	1008.47	1.36789e+06
0.0503	1008.58	1.36789e+06
0.0504	1008.7	1.36789e+06
0.0505	1008.81	1.36789e+06
0.0506	1008.93	1.36789e+06
0.0507	1009.05	1.36789e+06
0.0508	1009.18	1.36789e+06
0.0509	1009.3	1.36789e+06
0.051	1009.43	1.36789e+06
0.0511	1009.57	1.36789e+06
0.0512	1009.7	1.36789e+06
0.0513	1009.84	1.36789e+06
0.0514	1009.98	1.36789e+06
0.0515	1010.12	1.36789e+06
0.0516	1010.27	1.36789e+06
0.0517	1010.42	1.36789e+06
0.0518	1010.58	1.36789e+06
0.0519	1010.74	1.36789e+06
0.052	1010.9	1.36789e+06
0.0521	1011.06	1.36789e+06
0.0522	1011.23	1.36789e+06
0.0523	1011.41	1.36789e+06
0.0524	1011.59	1.36789e+06
0.0525	1011.77	1.36789e+06
0.0526	1011.96	1.36789e+06
0.0527	1012.15	1.36789e+06
0.0528	1012.35	1.36789e+06
0.0529	1012.55	1.36789e+06
0.053	1012.76	1.36789e+06
0.0531	1012.98	1.36789e+06
0.0532	1013.2	1.36789e+06
0.0533	1013.42	1.36789e+06
0.0534	1013.66	1.36789e+06
0.0535	1013.9	1.36789e+06
0.0536	1014.14	1.36789e+06
0.0537	1014.4	1.36789e+06
0.0538	1014.66	1.36789e+06
0.0539	1014.93	1.36789e+06
0.054	1015.21	1.36789e+06
0.0541	1015.5	1.36789e+06
0.0542	1015.8	1.36789e+06
0.0543	1016.11	1.36789e+06
0.0544	1016.42	1.36789e+06
0.0545	1016.75	1.36789e+06
0.0546	1017.09	1.36789e+06
0.0547	1017.45	1.36789e+06
0.0548	1017.81	1.36789e+06
0.0549	1018.19	1.36789e+06
0.055	1018.59	1.36789e+06
0.0551	1019	1.36789e+06
0.0552	1019.42	1.36789e+06
0.0553	1019.86	1.36789e+06
0.0554	1020.33	1.36789e+06
0.0555	1020.81	1.36789e+06
0.0556	1021.31	1.36789e+06
0.0557	1021.83	1.36789e+06
0.0558	1022.38	1.36789e+06
0.0559	1022.95	1.36789e+06
0.056	1023.56	1.36789e+06
0.0561	1024.19	1.36789e+06
0.0562	1024.85	1.36789e+06
0.0563	1025.55	1.36789e+06
0.0564	1026.28	1.36789e+06
0.0565	1027.05	1.36789e+06
0.0566	1027.87	1.36789e+06
0.0567	1028.74	1.36789e+06
0.0568	1029.66	1.36789e+06
0.0569	1030.64	1.36789e+06
0.057	1031.68	1.36789e+06
0.0571	1032.79	1.36789e+06
0.0572	1033.98	1.36789e+06
0.0573	1035.26	1.36789e+06
0.0574	1036.64	1.36789e+06
0.0575	1038.13	1.36789e+06
0.0576	1039.74	1.36789e+06
0.0577	1041.5	1.36789e+06
0.0578	1043.42	1.36789e+06
0.0579	1045.53	1.36789e+06
0.058	1047.87	1.36789e+06
0.0581	1050.47	1.36789e+06
0.0582	1053.39	1.36789e+06
0.0583	1056.69	1.36789e+06
0.0584	1060.47	1.36789e+06
0.0585	1064.85	1.36789e+06
0.0586	1070.01	1.36789e+06
0.0587	1076.2	1.36789e+06
0.0588	1083.83	1.36789e+06
0.0589	1093.55	1.36789e+06
0.059	1106.56	1.36789e+06
0.0591	1125.41	1.36789e+06
0.05915	1138.6	1.36789e+06
0.0592444	1178.04	1.36789e+06
0.0592681	1193.24	1.36789e+06
0.0593138	1235.21	1.36789e+06
0.0593367	1265.92	1.36789e+06
0.0593481	1284.84	1.36789e+06
0.0593706	1332.27	1.36789e+06
0.0593818	1362.84	1.36789e+06
0.0594039	1449.95	1.36789e+06
0.0594094	1481.59	1.36789e+06
0.0594204	1577.46	1.36789e+06
0.0594231	1615.4	1.36789e+06
0.0594285	1756.12	1.36789e+06
0.0594292	1788.7	1.36789e+06
0.0594306	1893.19	1.36789e+06
0.0594307	1912.27	1.36789e+06
0.0594311	1959.67	1.36789e+06
0.0594313	1989.07	1.36789e+06
0.0594313	2005.6	1.36789e+06
0.0594315	2043.47	1.36789e+06
0.0594316	2064.73	1.36789e+06
0.0594318	2111.97	1.36789e+06
0.0594318	2136.33	1.36789e+06
0.059432	2180.81	1.36789e+06
0.0594321	2189.96	1.36789e+06
0.0594321	2206.19	1.36789e+06
0.0594322	2213.51	1.36789e+06
0.0594323	2227.41	1.36789e+06
0.0594323	2234.15	1.36789e+06
0.0594324	2247.48	1.36789e+06
0.0594325	2270.87	1.36789e+06
0.0594328	2306.31	1.36789e+06
0.0594332	2357.25	1.36789e+06
0.0594339	2426.74	1.36789e+06
0.0594353	2503.6	1.36789e+06
0.0594359	2528.49	1.36789e+06
0.0594373	2564.24	1.36789e+06
0.0594399	2606.13	1.36789e+06
0.0594452	2643.7	1.36789e+06
0.0594556	2666.59	1.36789e+06
0.0594766	2673.6	1.36789e+06
0.0595168	2673.51	1.36789e+06
0.0595974	2672.21	1.36789e+06
0.0596779	2671.02	1.36789e+06
0.0597584	2669.92	1.36789e+06
0.0598389	2668.91	1.36789e+06
0.0599195	2668	1.36789e+06
0.06	2667.17	1.36789e+06
0.0601	2666.26	1.36789e+06
0.0602	2665.46	1.36789e+06
0.0603	2664.76	1.36789e+06
0.0604	2664.16	1.36789e+06
0.0605	2663.64	1.36789e+06
0.0606	2663.19	1.36789e+06
0.0607	2662.81	1.36789e+06
0.0608	2662.48	1.36789e+06
0.0609	2662.19	1.36789e+06
0.061	2661.95	1.36789e+06
0.0611	2661.75	1.36789e+06
0.0612	2661.57	1.36789e+06
0.0613	2661.42	1.36789e+06
0.0614	2661.29	1.36789e+06
0.0615	2661.18	1.36789e+06
0.0616	2661.09	1.36789e+06
0.0617	2661.01	1.36789e+06
0.0618	2660.94	1.36789e+06
0.0619	2660.89	1.36789e+06
0.062	2660.84	1.36789e+06
0.0621	2660.8	1.36789e+06
0.0622	2660.76	1.36789e+06
0.0623	2660.73	1.36789e+06
0.0624	2660.71	1.36789e+06
0.0625	2660.69	1.36789e+06
0.0626	2660.67	1.36789e+06
0.0627	2660.65	1.36789e+06
0.0628	2660.64	1.36789e+06
0.0629	2660.63	1.36789e+06
0.063	2660.62	1.36789e+06
0.0631	2660.61	1.36789e+06
0.0632	2660.6	1.36789e+06
0.0633	2660.6	1.36789e+06
0.0634	2660.59	1.36789e+06
0.0635	2660.59	1.36789e+06
0.0636	2660.59	1.36789e+06
0.0637	2660.58	1.36789e+06
0.0638	2660.58	1.36789e+06
0.0639	2660.58	1.36789e+06
0.064	2660.58	1.36789e+06
0.0641	2660.57	1.36789e+06
0.0642	2660.57	1.36789e+06
0.0643	2660.57	1.36789e+06
0.0644	2660.57	1.36789e+06
0.0645	2660.57	1.36789e+06
0.0646	2660.57	1.36789e+06
0.0647	2660.57	1.36789e+06
0.0648	2660.57	1.36789e+06
0.0649	2660.57	1.36789e+06
0.065	2660.57	1.36789e+06
0.0651	2660.57	1.36789e+06
0.0652	2660.57	1.36789e+06
0.0653	2660.57	1.36789e+06
0.0654	2660.57	1.36789e+06
0.0655	2660.57	1.36789e+06
0.0656	2660.57	1.36789e+06
0.0657	2660.57	1.36789e+06
0.0658	2660.57	1.36789e+06
0.0659	2660.57	1.36789e+06
0.066	2660.57	1.36789e+06
0.0661	2660.57	1.36789e+06
0.0662	2660.57	1.36789e+06
0.0663	2660.57	1.36789e+06
0.0664	2660.57	1.36789e+06
0.0665	2660.57	1.36789e+06
0.0666	2660.57	1.36789e+06
0.0667	2660.57	1.36789e+06
0.0668	2660.57	1.36789e+06
0.0669	2660.57	1.36789e+06
0.067	2660.57	1.36789e+06
0.0671	2660.57	1.36789e+06
0.0672	2660.57	1.36789e+06
0.0673	2660.57	1.36789e+06
0.0674	2660.57	1.36789e+06
0.0675	2660.57	1.36789e+06
0.0676	2660.57	1.36789e+06
0.0677	2660.57	1.36789e+06
0.0678	2660.57	1.36789e+06
0.0679	2660.57	1.36789e+06
0.068	2660.57	1.36789e+06
0.0681	2660.57	1.36789e+06
0.0682	2660.57	1.36789e+06
0.0683	2660.57	1.36789e+06
0.0684	2660.57	1.36789e+06
0.0685	2660.57	1.36789e+06
0.0686	2660.57	1.36789e+06
0.0687	2660.57	1.36789e+06
0.0688	2660.57	1.36789e+06
0.0689	2660.57	1.36789e+06
0.069	2660.57	1.36789e+06
0.0691	2660.57	1.36789e+06
0.0692	2660.57	1.36789e+06
0.0693	2660.57	1.36789e+06
0.0694	2660.57	1.36789e+06
0.0695	2660.57	1.36789e+06
0.0696	2660.57	1.36789e+06
0.0697	2660.57	1.36789e+06
0.0698	2660.57	1.36789e+06
0.0699	2660.57	1.36789e+06
0.07	2660.57	1.36789e+06
